<?xml version="1.0" encoding="UTF-8"?>
<robot generator="Robot 6.1.1 (Python 3.12.8 on win32)" generated="20250126 14:43:02.815" rpa="false" schemaversion="4">
<suite id="s1" name="Veridy Phone Details With Json File" source="C:\Users\z0052yyt\PycharmProjects\SeleniumWithRobot\tests\veridy_phone_details_with_json_file.robot">
<test id="s1-t1" name="Verify Phone Details" line="12">
<kw name="Open Demoblaze HomePage" library="Helper">
<kw name="Open Browser and Maximize" library="SeleniumActions">
<arg>${URL}</arg>
<arg>${BROWSER}</arg>
<kw name="Open Browser" library="SeleniumLibrary">
<arg>${url}</arg>
<arg>${browser}</arg>
<doc>Opens a new browser instance to the optional ``url``.</doc>
<msg timestamp="20250126 14:43:03.338" level="INFO">Opening browser 'chrome' to base url 'https://www.demoblaze.com/'.</msg>
<status status="PASS" starttime="20250126 14:43:03.337" endtime="20250126 14:43:09.497"/>
</kw>
<kw name="Maximize Browser Window" library="SeleniumLibrary">
<doc>Maximizes current browser window.</doc>
<status status="PASS" starttime="20250126 14:43:09.497" endtime="20250126 14:43:09.663"/>
</kw>
<status status="PASS" starttime="20250126 14:43:03.337" endtime="20250126 14:43:09.663"/>
</kw>
<status status="PASS" starttime="20250126 14:43:03.337" endtime="20250126 14:43:09.663"/>
</kw>
<kw name="Navigate To Phones Page" library="Helper">
<kw name="Wait Until Element Is Visible" library="SeleniumLibrary">
<arg>${PHONES_BUTTON}</arg>
<arg>${WAIT_TIME}</arg>
<doc>Waits until the element ``locator`` is visible.</doc>
<status status="PASS" starttime="20250126 14:43:09.664" endtime="20250126 14:43:09.994"/>
</kw>
<kw name="Click Element" library="SeleniumLibrary">
<arg>${PHONES_BUTTON}</arg>
<doc>Click the element identified by ``locator``.</doc>
<msg timestamp="20250126 14:43:09.995" level="INFO">Clicking element 'xpath=//*[@onclick="byCat('phone')"]'.</msg>
<status status="PASS" starttime="20250126 14:43:09.994" endtime="20250126 14:43:10.146"/>
</kw>
<kw name="Wait Until Page Contains" library="SeleniumLibrary">
<arg>Phones</arg>
<arg>${WAIT_TIME}</arg>
<doc>Waits until ``text`` appears on the current page.</doc>
<status status="PASS" starttime="20250126 14:43:10.146" endtime="20250126 14:43:10.179"/>
</kw>
<status status="PASS" starttime="20250126 14:43:09.664" endtime="20250126 14:43:10.179"/>
</kw>
<kw name="Open Phone Details Page" library="Helper">
<arg>${product_name}</arg>
<kw name="Replace String" library="String">
<var>${formatted_xpath}</var>
<arg>${TARGET_PHONE_ELEMENT}</arg>
<arg>{product_name}</arg>
<arg>${to_be_opened_phone_name}</arg>
<doc>Replaces ``search_for`` in the given ``string`` with ``replace_with``.</doc>
<msg timestamp="20250126 14:43:10.180" level="INFO">${formatted_xpath} = xpath=//a[text()='HTC One M9']</msg>
<status status="PASS" starttime="20250126 14:43:10.180" endtime="20250126 14:43:10.180"/>
</kw>
<kw name="Wait Until Element Is Visible" library="SeleniumLibrary">
<arg>${formatted_xpath}</arg>
<arg>${WAIT_TIME}</arg>
<doc>Waits until the element ``locator`` is visible.</doc>
<status status="PASS" starttime="20250126 14:43:10.180" endtime="20250126 14:43:10.747"/>
</kw>
<kw name="Wait Until Element Is Enabled" library="SeleniumLibrary">
<arg>${formatted_xpath}</arg>
<arg>${WAIT_TIME}</arg>
<doc>Waits until the element ``locator`` is enabled.</doc>
<status status="PASS" starttime="20250126 14:43:10.747" endtime="20250126 14:43:10.797"/>
</kw>
<kw name="Get WebElement" library="SeleniumLibrary">
<var>${phone_element}</var>
<arg>${formatted_xpath}</arg>
<doc>Returns the first WebElement matching the given ``locator``.</doc>
<msg timestamp="20250126 14:43:10.809" level="INFO">${phone_element} = &lt;selenium.webdriver.remote.webelement.WebElement (session="af18c0b68180343560caf8c481dad54d", element="f.90EEA935851F7681D6EE05A107F850AB.d.B19780A14385507FB0A0591DB8510EE5.e.86")&gt;</msg>
<status status="PASS" starttime="20250126 14:43:10.797" endtime="20250126 14:43:10.810"/>
</kw>
<kw name="Click Element" library="SeleniumLibrary">
<arg>${phone_element}</arg>
<doc>Click the element identified by ``locator``.</doc>
<msg timestamp="20250126 14:43:10.810" level="INFO">Clicking element '&lt;selenium.webdriver.remote.webelement.WebElement (session="af18c0b68180343560caf8c481dad54d", element="f.90EEA935851F7681D6EE05A107F850AB.d.B19780A14385507FB0A0591DB8510EE5.e.86")&gt;'.</msg>
<status status="PASS" starttime="20250126 14:43:10.810" endtime="20250126 14:43:11.417"/>
</kw>
<status status="PASS" starttime="20250126 14:43:10.179" endtime="20250126 14:43:11.417"/>
</kw>
<kw name="Get Phone Name From Details Page" library="Helper">
<var>${PHONE_NAME_TEXT}</var>
<kw name="Get Element Text" library="SeleniumActions">
<var>${PHONE_NAME_TEXT}</var>
<arg>${PRODUCT_NAME_IN_PAGE}</arg>
<kw name="Wait for Element to Be Visible and Enabled" library="SeleniumActions">
<arg>${locator}</arg>
<kw name="Wait Until Element Is Visible" library="SeleniumLibrary">
<arg>${locator}</arg>
<arg>${WAIT_TIME}</arg>
<doc>Waits until the element ``locator`` is visible.</doc>
<status status="PASS" starttime="20250126 14:43:11.420" endtime="20250126 14:43:11.921"/>
</kw>
<kw name="Wait Until Element Is Enabled" library="SeleniumLibrary">
<arg>${locator}</arg>
<arg>${WAIT_TIME}</arg>
<doc>Waits until the element ``locator`` is enabled.</doc>
<status status="PASS" starttime="20250126 14:43:11.922" endtime="20250126 14:43:11.962"/>
</kw>
<status status="PASS" starttime="20250126 14:43:11.419" endtime="20250126 14:43:11.962"/>
</kw>
<kw name="Get WebElement" library="SeleniumLibrary">
<var>${WEB_ELEMENT}</var>
<arg>${locator}</arg>
<doc>Returns the first WebElement matching the given ``locator``.</doc>
<msg timestamp="20250126 14:43:11.972" level="INFO">${WEB_ELEMENT} = &lt;selenium.webdriver.remote.webelement.WebElement (session="af18c0b68180343560caf8c481dad54d", element="f.90EEA935851F7681D6EE05A107F850AB.d.5CBD187FA54DEA0C130A61BE27AE5498.e.137")&gt;</msg>
<status status="PASS" starttime="20250126 14:43:11.962" endtime="20250126 14:43:11.972"/>
</kw>
<kw name="Get Text" library="SeleniumLibrary">
<var>${TEXT}</var>
<arg>${WEB_ELEMENT}</arg>
<doc>Returns the text value of the element identified by ``locator``.</doc>
<msg timestamp="20250126 14:43:11.988" level="INFO">${TEXT} = HTC One M9</msg>
<status status="PASS" starttime="20250126 14:43:11.973" endtime="20250126 14:43:11.988"/>
</kw>
<return>
<value>${TEXT}</value>
<status status="PASS" starttime="20250126 14:43:11.988" endtime="20250126 14:43:11.988"/>
</return>
<msg timestamp="20250126 14:43:11.989" level="INFO">${PHONE_NAME_TEXT} = HTC One M9</msg>
<status status="PASS" starttime="20250126 14:43:11.418" endtime="20250126 14:43:11.989"/>
</kw>
<return>
<value>${PHONE_NAME_TEXT}</value>
<status status="PASS" starttime="20250126 14:43:11.989" endtime="20250126 14:43:11.989"/>
</return>
<msg timestamp="20250126 14:43:11.989" level="INFO">${PHONE_NAME_TEXT} = HTC One M9</msg>
<status status="PASS" starttime="20250126 14:43:11.417" endtime="20250126 14:43:11.989"/>
</kw>
<kw name="Get Phone Price From Details Page" library="Helper">
<var>${PHONE_PRICE_TEXT}</var>
<kw name="Get Element Text" library="SeleniumActions">
<var>${PHONE_PRICE_TEXT}</var>
<arg>${PRODUCT_PRICE}</arg>
<kw name="Wait for Element to Be Visible and Enabled" library="SeleniumActions">
<arg>${locator}</arg>
<kw name="Wait Until Element Is Visible" library="SeleniumLibrary">
<arg>${locator}</arg>
<arg>${WAIT_TIME}</arg>
<doc>Waits until the element ``locator`` is visible.</doc>
<status status="PASS" starttime="20250126 14:43:11.990" endtime="20250126 14:43:12.014"/>
</kw>
<kw name="Wait Until Element Is Enabled" library="SeleniumLibrary">
<arg>${locator}</arg>
<arg>${WAIT_TIME}</arg>
<doc>Waits until the element ``locator`` is enabled.</doc>
<status status="PASS" starttime="20250126 14:43:12.014" endtime="20250126 14:43:12.047"/>
</kw>
<status status="PASS" starttime="20250126 14:43:11.989" endtime="20250126 14:43:12.047"/>
</kw>
<kw name="Get WebElement" library="SeleniumLibrary">
<var>${WEB_ELEMENT}</var>
<arg>${locator}</arg>
<doc>Returns the first WebElement matching the given ``locator``.</doc>
<msg timestamp="20250126 14:43:12.060" level="INFO">${WEB_ELEMENT} = &lt;selenium.webdriver.remote.webelement.WebElement (session="af18c0b68180343560caf8c481dad54d", element="f.90EEA935851F7681D6EE05A107F850AB.d.5CBD187FA54DEA0C130A61BE27AE5498.e.138")&gt;</msg>
<status status="PASS" starttime="20250126 14:43:12.048" endtime="20250126 14:43:12.060"/>
</kw>
<kw name="Get Text" library="SeleniumLibrary">
<var>${TEXT}</var>
<arg>${WEB_ELEMENT}</arg>
<doc>Returns the text value of the element identified by ``locator``.</doc>
<msg timestamp="20250126 14:43:12.074" level="INFO">${TEXT} = $700 *includes tax</msg>
<status status="PASS" starttime="20250126 14:43:12.060" endtime="20250126 14:43:12.074"/>
</kw>
<return>
<value>${TEXT}</value>
<status status="PASS" starttime="20250126 14:43:12.074" endtime="20250126 14:43:12.074"/>
</return>
<msg timestamp="20250126 14:43:12.075" level="INFO">${PHONE_PRICE_TEXT} = $700 *includes tax</msg>
<status status="PASS" starttime="20250126 14:43:11.989" endtime="20250126 14:43:12.075"/>
</kw>
<return>
<value>${PHONE_PRICE_TEXT}</value>
<status status="PASS" starttime="20250126 14:43:12.075" endtime="20250126 14:43:12.075"/>
</return>
<msg timestamp="20250126 14:43:12.075" level="INFO">${PHONE_PRICE_TEXT} = $700 *includes tax</msg>
<status status="PASS" starttime="20250126 14:43:11.989" endtime="20250126 14:43:12.075"/>
</kw>
<kw name="Get Phone Description From Details Page" library="Helper">
<var>${PHONE_DESCRIPTION_TEXT}</var>
<kw name="Get Element Text" library="SeleniumActions">
<var>${PHONE_DESCRIPTION_TEXT}</var>
<arg>${PRODUCT_DESCRIPTION}</arg>
<kw name="Wait for Element to Be Visible and Enabled" library="SeleniumActions">
<arg>${locator}</arg>
<kw name="Wait Until Element Is Visible" library="SeleniumLibrary">
<arg>${locator}</arg>
<arg>${WAIT_TIME}</arg>
<doc>Waits until the element ``locator`` is visible.</doc>
<status status="PASS" starttime="20250126 14:43:12.077" endtime="20250126 14:43:12.110"/>
</kw>
<kw name="Wait Until Element Is Enabled" library="SeleniumLibrary">
<arg>${locator}</arg>
<arg>${WAIT_TIME}</arg>
<doc>Waits until the element ``locator`` is enabled.</doc>
<status status="PASS" starttime="20250126 14:43:12.110" endtime="20250126 14:43:12.141"/>
</kw>
<status status="PASS" starttime="20250126 14:43:12.076" endtime="20250126 14:43:12.142"/>
</kw>
<kw name="Get WebElement" library="SeleniumLibrary">
<var>${WEB_ELEMENT}</var>
<arg>${locator}</arg>
<doc>Returns the first WebElement matching the given ``locator``.</doc>
<msg timestamp="20250126 14:43:12.162" level="INFO">${WEB_ELEMENT} = &lt;selenium.webdriver.remote.webelement.WebElement (session="af18c0b68180343560caf8c481dad54d", element="f.90EEA935851F7681D6EE05A107F850AB.d.5CBD187FA54DEA0C130A61BE27AE5498.e.139")&gt;</msg>
<status status="PASS" starttime="20250126 14:43:12.142" endtime="20250126 14:43:12.162"/>
</kw>
<kw name="Get Text" library="SeleniumLibrary">
<var>${TEXT}</var>
<arg>${WEB_ELEMENT}</arg>
<doc>Returns the text value of the element identified by ``locator``.</doc>
<msg timestamp="20250126 14:43:12.175" level="INFO">${TEXT} = The HTC One M9 is powered by 1.5GHz octa-core Qualcomm Snapdragon 810 processor and it comes with 3GB of RAM. The phone packs 32GB of internal storage that can be expanded up to 128GB via a microSD ca...</msg>
<status status="PASS" starttime="20250126 14:43:12.162" endtime="20250126 14:43:12.175"/>
</kw>
<return>
<value>${TEXT}</value>
<status status="PASS" starttime="20250126 14:43:12.175" endtime="20250126 14:43:12.176"/>
</return>
<msg timestamp="20250126 14:43:12.176" level="INFO">${PHONE_DESCRIPTION_TEXT} = The HTC One M9 is powered by 1.5GHz octa-core Qualcomm Snapdragon 810 processor and it comes with 3GB of RAM. The phone packs 32GB of internal storage that can be expanded up to 128GB via a microSD ca...</msg>
<status status="PASS" starttime="20250126 14:43:12.076" endtime="20250126 14:43:12.176"/>
</kw>
<return>
<value>${PHONE_DESCRIPTION_TEXT}</value>
<status status="PASS" starttime="20250126 14:43:12.176" endtime="20250126 14:43:12.176"/>
</return>
<msg timestamp="20250126 14:43:12.176" level="INFO">${PHONE_DESCRIPTION_TEXT} = The HTC One M9 is powered by 1.5GHz octa-core Qualcomm Snapdragon 810 processor and it comes with 3GB of RAM. The phone packs 32GB of internal storage that can be expanded up to 128GB via a microSD ca...</msg>
<status status="PASS" starttime="20250126 14:43:12.075" endtime="20250126 14:43:12.176"/>
</kw>
<kw name="Log To Console" library="BuiltIn">
<arg>${PHONE_NAME_TEXT}</arg>
<doc>Logs the given message to the console.</doc>
<status status="PASS" starttime="20250126 14:43:12.176" endtime="20250126 14:43:12.177"/>
</kw>
<kw name="Log To Console" library="BuiltIn">
<arg>${PHONE_PRICE_TEXT}</arg>
<doc>Logs the given message to the console.</doc>
<status status="PASS" starttime="20250126 14:43:12.177" endtime="20250126 14:43:12.177"/>
</kw>
<kw name="Log To Console" library="BuiltIn">
<arg>${PHONE_DESCRIPTION_TEXT}</arg>
<doc>Logs the given message to the console.</doc>
<status status="PASS" starttime="20250126 14:43:12.177" endtime="20250126 14:43:12.177"/>
</kw>
<kw name="Extract Product Data" library="JsonHelper">
<var>${PRODUCT_JSON_BODY}</var>
<arg>${JSON_FILE_PATH}</arg>
<arg>${product_name}</arg>
<kw name="Get File" library="OperatingSystem">
<var>${file_content}</var>
<arg>${JSON_FILE_PATH}</arg>
<doc>Returns the contents of a specified file.</doc>
<msg timestamp="20250126 14:43:12.178" level="INFO" html="true">Getting file '&lt;a href="file://C:\Users\z0052yyt\PycharmProjects\SeleniumWithRobot\DataFiles\productData.json"&gt;C:\Users\z0052yyt\PycharmProjects\SeleniumWithRobot\DataFiles\productData.json&lt;/a&gt;'.</msg>
<msg timestamp="20250126 14:43:12.195" level="INFO">${file_content} = {
    "Samsung galaxy s6": {
        "price": "$360 *includes tax",
        "description": "Samsung Galaxy S6 is the latest smartphone with advanced features and a sleek design."
    },
    "Nokia lum...</msg>
<status status="PASS" starttime="20250126 14:43:12.178" endtime="20250126 14:43:12.195"/>
</kw>
<kw name="Evaluate" library="BuiltIn">
<var>${JSON_PRODUCTS}</var>
<arg>json.loads('''${file_content}''')</arg>
<arg>json</arg>
<doc>Evaluates the given expression in Python and returns the result.</doc>
<msg timestamp="20250126 14:43:12.196" level="INFO">${JSON_PRODUCTS} = {'Samsung galaxy s6': {'price': '$360 *includes tax', 'description': 'Samsung Galaxy S6 is the latest smartphone with advanced features and a sleek design.'}, 'Nokia lumia 1520': {'price': '$820 *incl...</msg>
<status status="PASS" starttime="20250126 14:43:12.195" endtime="20250126 14:43:12.196"/>
</kw>
<kw name="Get From Dictionary" library="Collections">
<var>${PRODUCT_DATA}</var>
<arg>${JSON_PRODUCTS}</arg>
<arg>${JSON_PRODUCT_NAME}</arg>
<doc>Returns a value from the given ``dictionary`` based on the given ``key``.</doc>
<msg timestamp="20250126 14:43:12.197" level="INFO">${PRODUCT_DATA} = {'price': '$700 *includes tax', 'description': 'The HTC One M9 is powered by 1.5GHz octa-core Qualcomm Snapdragon 810 processor and it comes with 3GB of RAM. The phone packs 32GB of internal storage t...</msg>
<status status="PASS" starttime="20250126 14:43:12.196" endtime="20250126 14:43:12.197"/>
</kw>
<return>
<value>${PRODUCT_DATA}</value>
<status status="PASS" starttime="20250126 14:43:12.197" endtime="20250126 14:43:12.197"/>
</return>
<msg timestamp="20250126 14:43:12.197" level="INFO">${PRODUCT_JSON_BODY} = {'price': '$700 *includes tax', 'description': 'The HTC One M9 is powered by 1.5GHz octa-core Qualcomm Snapdragon 810 processor and it comes with 3GB of RAM. The phone packs 32GB of internal storage t...</msg>
<status status="PASS" starttime="20250126 14:43:12.178" endtime="20250126 14:43:12.197"/>
</kw>
<kw name="Extract Attribute From Json" library="JsonHelper">
<var>${EXPECTED_PRICE_FROM_JSON}</var>
<arg>${PRODUCT_JSON_BODY}</arg>
<arg>price</arg>
<kw name="Get From Dictionary" library="Collections">
<var>${RETURN_ATTRIBUTE}</var>
<arg>${JSON_BODY}</arg>
<arg>${ATTRIBUTE}</arg>
<doc>Returns a value from the given ``dictionary`` based on the given ``key``.</doc>
<msg timestamp="20250126 14:43:12.198" level="INFO">${RETURN_ATTRIBUTE} = $700 *includes tax</msg>
<status status="PASS" starttime="20250126 14:43:12.198" endtime="20250126 14:43:12.198"/>
</kw>
<return>
<value>${RETURN_ATTRIBUTE}</value>
<status status="PASS" starttime="20250126 14:43:12.198" endtime="20250126 14:43:12.198"/>
</return>
<msg timestamp="20250126 14:43:12.199" level="INFO">${EXPECTED_PRICE_FROM_JSON} = $700 *includes tax</msg>
<status status="PASS" starttime="20250126 14:43:12.197" endtime="20250126 14:43:12.199"/>
</kw>
<kw name="Extract Attribute From Json" library="JsonHelper">
<var>${EXPECTED_DESCRIPTION_FROM_JSON}</var>
<arg>${PRODUCT_JSON_BODY}</arg>
<arg>description</arg>
<kw name="Get From Dictionary" library="Collections">
<var>${RETURN_ATTRIBUTE}</var>
<arg>${JSON_BODY}</arg>
<arg>${ATTRIBUTE}</arg>
<doc>Returns a value from the given ``dictionary`` based on the given ``key``.</doc>
<msg timestamp="20250126 14:43:12.200" level="INFO">${RETURN_ATTRIBUTE} = The HTC One M9 is powered by 1.5GHz octa-core Qualcomm Snapdragon 810 processor and it comes with 3GB of RAM. The phone packs 32GB of internal storage that can be expanded up to 128GB via a microSD ca...</msg>
<status status="PASS" starttime="20250126 14:43:12.199" endtime="20250126 14:43:12.200"/>
</kw>
<return>
<value>${RETURN_ATTRIBUTE}</value>
<status status="PASS" starttime="20250126 14:43:12.200" endtime="20250126 14:43:12.200"/>
</return>
<msg timestamp="20250126 14:43:12.200" level="INFO">${EXPECTED_DESCRIPTION_FROM_JSON} = The HTC One M9 is powered by 1.5GHz octa-core Qualcomm Snapdragon 810 processor and it comes with 3GB of RAM. The phone packs 32GB of internal storage that can be expanded up to 128GB via a microSD ca...</msg>
<status status="PASS" starttime="20250126 14:43:12.199" endtime="20250126 14:43:12.200"/>
</kw>
<kw name="Log To Console" library="BuiltIn">
<arg>{PRODUCT_JSON_BODY}:${PRODUCT_JSON_BODY}</arg>
<doc>Logs the given message to the console.</doc>
<status status="PASS" starttime="20250126 14:43:12.200" endtime="20250126 14:43:12.201"/>
</kw>
<kw name="Log To Console" library="BuiltIn">
<arg>{PRICE}:${EXPECTED_PRICE_FROM_JSON}</arg>
<doc>Logs the given message to the console.</doc>
<status status="PASS" starttime="20250126 14:43:12.201" endtime="20250126 14:43:12.201"/>
</kw>
<kw name="Log To Console" library="BuiltIn">
<arg>{DESCRIPTION}:${EXPECTED_DESCRIPTION_FROM_JSON}</arg>
<doc>Logs the given message to the console.</doc>
<status status="PASS" starttime="20250126 14:43:12.201" endtime="20250126 14:43:12.201"/>
</kw>
<kw name="Should Be Equal As Strings" library="BuiltIn">
<arg>${PHONE_PRICE_TEXT}</arg>
<arg>${EXPECTED_PRICE_FROM_JSON}</arg>
<doc>Fails if objects are unequal after converting them to strings.</doc>
<status status="PASS" starttime="20250126 14:43:12.202" endtime="20250126 14:43:12.202"/>
</kw>
<kw name="Should Be Equal As Strings" library="BuiltIn">
<arg>${PHONE_DESCRIPTION_TEXT}</arg>
<arg>${EXPECTED_DESCRIPTION_FROM_JSON}</arg>
<doc>Fails if objects are unequal after converting them to strings.</doc>
<status status="PASS" starttime="20250126 14:43:12.202" endtime="20250126 14:43:12.202"/>
</kw>
<kw name="Close Browser" library="SeleniumLibrary">
<doc>Closes the current browser.</doc>
<status status="PASS" starttime="20250126 14:43:12.202" endtime="20250126 14:43:14.934"/>
</kw>
<status status="PASS" starttime="20250126 14:43:03.336" endtime="20250126 14:43:14.934"/>
</test>
<status status="PASS" starttime="20250126 14:43:02.818" endtime="20250126 14:43:14.936"/>
</suite>
<statistics>
<total>
<stat pass="1" fail="0" skip="0">All Tests</stat>
</total>
<tag>
</tag>
<suite>
<stat pass="1" fail="0" skip="0" id="s1" name="Veridy Phone Details With Json File">Veridy Phone Details With Json File</stat>
</suite>
</statistics>
<errors>
</errors>
</robot>
